Exception in thread "Thread-16" java.lang.ArrayIndexOutOfBoundsException: Array index out of range: 3
	at java.awt.Container.remove(Unknown Source)
	at javax.swing.JTabbedPane.removeTabAt(Unknown Source)
	at javax.swing.JTabbedPane.remove(Unknown Source)
	at fr.irit.diamant.ivy.viewer.Visionneur.disconnect(Visionneur.java:190)
	at fr.dgac.ivy.Ivy.clientDisconnects(Ivy.java:532)
	at fr.dgac.ivy.IvyClient.run(IvyClient.java:352)
	at java.lang.Thread.run(Unknown Source)
Exception in thread "Thread-18" java.lang.ArrayIndexOutOfBoundsException: Array index out of range: 4
	at java.awt.Container.remove(Unknown Source)
	at javax.swing.JTabbedPane.removeTabAt(Unknown Source)
	at javax.swing.JTabbedPane.remove(Unknown Source)
	at fr.irit.diamant.ivy.viewer.Visionneur.disconnect(Visionneur.java:190)
	at fr.dgac.ivy.Ivy.clientDisconnects(Ivy.java:532)
	at fr.dgac.ivy.IvyClient.run(IvyClient.java:352)
	at java.lang.Thread.run(Unknown Source)
Exception in thread "Thread-20" java.lang.ArrayIndexOutOfBoundsException: Array index out of range: 5
	at java.awt.Container.remove(Unknown Source)
	at javax.swing.JTabbedPane.removeTabAt(Unknown Source)
	at javax.swing.JTabbedPane.remove(Unknown Source)
	at fr.irit.diamant.ivy.viewer.Visionneur.disconnect(Visionneur.java:190)
	at fr.dgac.ivy.Ivy.clientDisconnects(Ivy.java:532)
	at fr.dgac.ivy.IvyClient.run(IvyClient.java:352)
	at java.lang.Thread.run(Unknown Source)
Exception in thread "Thread-22" java.lang.ArrayIndexOutOfBoundsException: Array index out of range: 6
	at java.awt.Container.remove(Unknown Source)
	at javax.swing.JTabbedPane.removeTabAt(Unknown Source)
	at javax.swing.JTabbedPane.remove(Unknown Source)
	at fr.irit.diamant.ivy.viewer.Visionneur.disconnect(Visionneur.java:190)
	at fr.dgac.ivy.Ivy.clientDisconnects(Ivy.java:532)
	at fr.dgac.ivy.IvyClient.run(IvyClient.java:352)
	at java.lang.Thread.run(Unknown Source)
Exception in thread "Thread-25" java.lang.ArrayIndexOutOfBoundsException: Array index out of range: 7
	at java.awt.Container.remove(Unknown Source)
	at javax.swing.JTabbedPane.removeTabAt(Unknown Source)
	at javax.swing.JTabbedPane.remove(Unknown Source)
	at fr.irit.diamant.ivy.viewer.Visionneur.disconnect(Visionneur.java:190)
	at fr.dgac.ivy.Ivy.clientDisconnects(Ivy.java:532)
	at fr.dgac.ivy.IvyClient.run(IvyClient.java:352)
	at java.lang.Thread.run(Unknown Source)
Exception in thread "Thread-28" java.lang.ArrayIndexOutOfBoundsException: Array index out of range: 8
	at java.awt.Container.remove(Unknown Source)
	at javax.swing.JTabbedPane.removeTabAt(Unknown Source)
	at javax.swing.JTabbedPane.remove(Unknown Source)
	at fr.irit.diamant.ivy.viewer.Visionneur.disconnect(Visionneur.java:190)
	at fr.dgac.ivy.Ivy.clientDisconnects(Ivy.java:532)
	at fr.dgac.ivy.IvyClient.run(IvyClient.java:352)
	at java.lang.Thread.run(Unknown Source)
Exception in thread "Thread-35" java.lang.ArrayIndexOutOfBoundsException: Array index out of range: 9
	at java.awt.Container.remove(Unknown Source)
	at javax.swing.JTabbedPane.removeTabAt(Unknown Source)
	at javax.swing.JTabbedPane.remove(Unknown Source)
	at fr.irit.diamant.ivy.viewer.Visionneur.disconnect(Visionneur.java:190)
	at fr.dgac.ivy.Ivy.clientDisconnects(Ivy.java:532)
	at fr.dgac.ivy.IvyClient.run(IvyClient.java:352)
	at java.lang.Thread.run(Unknown Source)
Exception in thread "Thread-41" java.lang.ArrayIndexOutOfBoundsException: Array index out of range: 10
	at java.awt.Container.remove(Unknown Source)
	at javax.swing.JTabbedPane.removeTabAt(Unknown Source)
	at javax.swing.JTabbedPane.remove(Unknown Source)
	at fr.irit.diamant.ivy.viewer.Visionneur.disconnect(Visionneur.java:190)
	at fr.dgac.ivy.Ivy.clientDisconnects(Ivy.java:532)
	at fr.dgac.ivy.IvyClient.run(IvyClient.java:352)
	at java.lang.Thread.run(Unknown Source)
Exception in thread "Thread-52" java.lang.ArrayIndexOutOfBoundsException: Array index out of range: 11
	at java.awt.Container.remove(Unknown Source)
	at javax.swing.JTabbedPane.removeTabAt(Unknown Source)
	at javax.swing.JTabbedPane.remove(Unknown Source)
	at fr.irit.diamant.ivy.viewer.Visionneur.disconnect(Visionneur.java:190)
	at fr.dgac.ivy.Ivy.clientDisconnects(Ivy.java:532)
	at fr.dgac.ivy.IvyClient.run(IvyClient.java:352)
	at java.lang.Thread.run(Unknown Source)
Exception in thread "Thread-58" java.lang.ArrayIndexOutOfBoundsException: Array index out of range: 12
	at java.awt.Container.remove(Unknown Source)
	at javax.swing.JTabbedPane.removeTabAt(Unknown Source)
	at javax.swing.JTabbedPane.remove(Unknown Source)
	at fr.irit.diamant.ivy.viewer.Visionneur.disconnect(Visionneur.java:190)
	at fr.dgac.ivy.Ivy.clientDisconnects(Ivy.java:532)
	at fr.dgac.ivy.IvyClient.run(IvyClient.java:352)
	at java.lang.Thread.run(Unknown Source)
Exception in thread "Thread-64" java.lang.ArrayIndexOutOfBoundsException: Array index out of range: 13
	at java.awt.Container.remove(Unknown Source)
	at javax.swing.JTabbedPane.removeTabAt(Unknown Source)
	at javax.swing.JTabbedPane.remove(Unknown Source)
	at fr.irit.diamant.ivy.viewer.Visionneur.disconnect(Visionneur.java:190)
	at fr.dgac.ivy.Ivy.clientDisconnects(Ivy.java:532)
	at fr.dgac.ivy.IvyClient.run(IvyClient.java:352)
	at java.lang.Thread.run(Unknown Source)
